# JRE version: OpenJDK Runtime Environment Temurin-21.0.7+6 (21.0.7+6) (build 21.0.7+6-LTS)
# Java VM: OpenJDK 64-Bit Server VM Temurin-21.0.7+6 (21.0.7+6-LTS, mixed mode, sharing, tiered, compressed oops, compressed class ptrs, parallel gc, windows-amd64)
GC Precious Log:
 CardTable entry size: 512
 CPUs: 8 total, 8 available
 Memory: 7918M
 Large Page Support: Disabled
 NUMA Support: Disabled
 Compressed Oops: Enabled (32-bit)
 Alignments: Space 512K, Generation 512K, Heap 2M
 Heap Min Capacity: 100M
 Heap Initial Capacity: 100M
 Heap Max Capacity: 1G
 Pre-touch: Disabled
 Parallel Workers: 8
Heap:
 PSYoungGen      total 6144K, used 5639K [0x00000000eab00000, 0x00000000eb400000, 0x0000000100000000)
  eden space 5120K, 90% used [0x00000000eab00000,0x00000000eaf880c8,0x00000000eb000000)
  from space 1024K, 97% used [0x00000000eb000000,0x00000000eb0f9c48,0x00000000eb100000)
  to   space 2048K, 0% used [0x00000000eb200000,0x00000000eb200000,0x00000000eb400000)
 ParOldGen       total 226304K, used 225911K [0x00000000c0000000, 0x00000000cdd00000, 0x00000000eab00000)
  object space 226304K, 99% used [0x00000000c0000000,0x00000000cdc9dcc8,0x00000000cdd00000)
 Metaspace       used 64810K, committed 66048K, reserved 1114112K
  class space    used 6528K, committed 7040K, reserved 1048576K
GC Heap History (20 events):
Event: 67.696 GC heap before
{Heap before GC invocations=116 (full 4):
 PSYoungGen      total 6656K, used 6387K [0x00000000eab00000, 0x00000000eb400000, 0x0000000100000000)
  eden space 5120K, 100% used [0x00000000eab00000,0x00000000eb000000,0x00000000eb000000)
  from space 1536K, 82% used [0x00000000eb000000,0x00000000eb13cf60,0x00000000eb180000)
  to   space 2048K, 0% used [0x00000000eb200000,0x00000000eb200000,0x00000000eb400000)
 ParOldGen       total 216576K, used 216204K [0x00000000c0000000, 0x00000000cd380000, 0x00000000eab00000)
  object space 216576K, 99% used [0x00000000c0000000,0x00000000cd323168,0x00000000cd380000)
 Metaspace       used 64560K, committed 65792K, reserved 1114112K
  class space    used 6515K, committed 7040K, reserved 1048576K
}
Event: 67.700 GC heap after
{Heap after GC invocations=116 (full 4):
 PSYoungGen      total 6656K, used 1248K [0x00000000eab00000, 0x00000000eb380000, 0x0000000100000000)
  eden space 5120K, 0% used [0x00000000eab00000,0x00000000eab00000,0x00000000eb000000)
  from space 1536K, 81% used [0x00000000eb200000,0x00000000eb338000,0x00000000eb380000)
  to   space 1536K, 0% used [0x00000000eb000000,0x00000000eb000000,0x00000000eb180000)
 ParOldGen       total 217600K, used 217350K [0x00000000c0000000, 0x00000000cd480000, 0x00000000eab00000)
  object space 217600K, 99% used [0x00000000c0000000,0x00000000cd4419d8,0x00000000cd480000)
 Metaspace       used 64560K, committed 65792K, reserved 1114112K
  class space    used 6515K, committed 7040K, reserved 1048576K
}
Event: 67.750 GC heap before
{Heap before GC invocations=117 (full 4):
 PSYoungGen      total 6656K, used 6368K [0x00000000eab00000, 0x00000000eb380000, 0x0000000100000000)
  eden space 5120K, 100% used [0x00000000eab00000,0x00000000eb000000,0x00000000eb000000)
  from space 1536K, 81% used [0x00000000eb200000,0x00000000eb338000,0x00000000eb380000)
  to   space 1536K, 0% used [0x00000000eb000000,0x00000000eb000000,0x00000000eb180000)
 ParOldGen       total 217600K, used 217350K [0x00000000c0000000, 0x00000000cd480000, 0x00000000eab00000)
  object space 217600K, 99% used [0x00000000c0000000,0x00000000cd4419d8,0x00000000cd480000)
 Metaspace       used 64589K, committed 65792K, reserved 1114112K
  class space    used 6515K, committed 7040K, reserved 1048576K
}
Event: 67.754 GC heap after
{Heap after GC invocations=117 (full 4):
 PSYoungGen      total 6656K, used 1157K [0x00000000eab00000, 0x00000000eb300000, 0x0000000100000000)
  eden space 5120K, 0% used [0x00000000eab00000,0x00000000eab00000,0x00000000eb000000)
  from space 1536K, 75% used [0x00000000eb000000,0x00000000eb121620,0x00000000eb180000)
  to   space 1536K, 0% used [0x00000000eb180000,0x00000000eb180000,0x00000000eb300000)
 ParOldGen       total 218624K, used 218474K [0x00000000c0000000, 0x00000000cd580000, 0x00000000eab00000)
  object space 218624K, 99% used [0x00000000c0000000,0x00000000cd55a930,0x00000000cd580000)
 Metaspace       used 64589K, committed 65792K, reserved 1114112K
  class space    used 6515K, committed 7040K, reserved 1048576K
}
Event: 67.793 GC heap before
{Heap before GC invocations=118 (full 4):
 PSYoungGen      total 6656K, used 6277K [0x00000000eab00000, 0x00000000eb300000, 0x0000000100000000)
  eden space 5120K, 100% used [0x00000000eab00000,0x00000000eb000000,0x00000000eb000000)
  from space 1536K, 75% used [0x00000000eb000000,0x00000000eb121620,0x00000000eb180000)
  to   space 1536K, 0% used [0x00000000eb180000,0x00000000eb180000,0x00000000eb300000)
 ParOldGen       total 218624K, used 218474K [0x00000000c0000000, 0x00000000cd580000, 0x00000000eab00000)
  object space 218624K, 99% used [0x00000000c0000000,0x00000000cd55a930,0x00000000cd580000)
 Metaspace       used 64597K, committed 65856K, reserved 1114112K
  class space    used 6515K, committed 7040K, reserved 1048576K
}
Event: 67.796 GC heap after
{Heap after GC invocations=118 (full 4):
 PSYoungGen      total 6656K, used 1067K [0x00000000eab00000, 0x00000000eb300000, 0x0000000100000000)
  eden space 5120K, 0% used [0x00000000eab00000,0x00000000eab00000,0x00000000eb000000)
  from space 1536K, 69% used [0x00000000eb180000,0x00000000eb28ac38,0x00000000eb300000)
  to   space 1536K, 0% used [0x00000000eb000000,0x00000000eb000000,0x00000000eb180000)
 ParOldGen       total 219648K, used 219432K [0x00000000c0000000, 0x00000000cd680000, 0x00000000eab00000)
  object space 219648K, 99% used [0x00000000c0000000,0x00000000cd64a038,0x00000000cd680000)
 Metaspace       used 64597K, committed 65856K, reserved 1114112K
  class space    used 6515K, committed 7040K, reserved 1048576K
}
Event: 67.829 GC heap before
{Heap before GC invocations=119 (full 4):
 PSYoungGen      total 6656K, used 6187K [0x00000000eab00000, 0x00000000eb300000, 0x0000000100000000)
  eden space 5120K, 100% used [0x00000000eab00000,0x00000000eb000000,0x00000000eb000000)
  from space 1536K, 69% used [0x00000000eb180000,0x00000000eb28ac38,0x00000000eb300000)
  to   space 1536K, 0% used [0x00000000eb000000,0x00000000eb000000,0x00000000eb180000)
 ParOldGen       total 219648K, used 219432K [0x00000000c0000000, 0x00000000cd680000, 0x00000000eab00000)
  object space 219648K, 99% used [0x00000000c0000000,0x00000000cd64a038,0x00000000cd680000)
 Metaspace       used 64602K, committed 65856K, reserved 1114112K
  class space    used 6515K, committed 7040K, reserved 1048576K
}
Event: 67.833 GC heap after
{Heap after GC invocations=119 (full 4):
 PSYoungGen      total 6656K, used 1083K [0x00000000eab00000, 0x00000000eb300000, 0x0000000100000000)
  eden space 5120K, 0% used [0x00000000eab00000,0x00000000eab00000,0x00000000eb000000)
  from space 1536K, 70% used [0x00000000eb000000,0x00000000eb10ef98,0x00000000eb180000)
  to   space 1536K, 0% used [0x00000000eb180000,0x00000000eb180000,0x00000000eb300000)
 ParOldGen       total 220672K, used 220415K [0x00000000c0000000, 0x00000000cd780000, 0x00000000eab00000)
  object space 220672K, 99% used [0x00000000c0000000,0x00000000cd73fc00,0x00000000cd780000)
 Metaspace       used 64602K, committed 65856K, reserved 1114112K
  class space    used 6515K, committed 7040K, reserved 1048576K
}
Event: 67.902 GC heap before
{Heap before GC invocations=120 (full 4):
 PSYoungGen      total 6656K, used 6203K [0x00000000eab00000, 0x00000000eb300000, 0x0000000100000000)
  eden space 5120K, 100% used [0x00000000eab00000,0x00000000eb000000,0x00000000eb000000)
  from space 1536K, 70% used [0x00000000eb000000,0x00000000eb10ef98,0x00000000eb180000)
  to   space 1536K, 0% used [0x00000000eb180000,0x00000000eb180000,0x00000000eb300000)
 ParOldGen       total 220672K, used 220415K [0x00000000c0000000, 0x00000000cd780000, 0x00000000eab00000)
  object space 220672K, 99% used [0x00000000c0000000,0x00000000cd73fc00,0x00000000cd780000)
 Metaspace       used 64634K, committed 65920K, reserved 1114112K
  class space    used 6520K, committed 7040K, reserved 1048576K
}
Event: 67.907 GC heap after
{Heap after GC invocations=120 (full 4):
 PSYoungGen      total 6656K, used 1203K [0x00000000eab00000, 0x00000000eb300000, 0x0000000100000000)
  eden space 5120K, 0% used [0x00000000eab00000,0x00000000eab00000,0x00000000eb000000)
  from space 1536K, 78% used [0x00000000eb180000,0x00000000eb2acff0,0x00000000eb300000)
  to   space 1536K, 0% used [0x00000000eb000000,0x00000000eb000000,0x00000000eb180000)
 ParOldGen       total 221696K, used 221380K [0x00000000c0000000, 0x00000000cd880000, 0x00000000eab00000)
  object space 221696K, 99% used [0x00000000c0000000,0x00000000cd831170,0x00000000cd880000)
 Metaspace       used 64634K, committed 65920K, reserved 1114112K
  class space    used 6520K, committed 7040K, reserved 1048576K
}
Event: 67.979 GC heap before
{Heap before GC invocations=121 (full 4):
 PSYoungGen      total 6656K, used 6323K [0x00000000eab00000, 0x00000000eb300000, 0x0000000100000000)
  eden space 5120K, 100% used [0x00000000eab00000,0x00000000eb000000,0x00000000eb000000)
  from space 1536K, 78% used [0x00000000eb180000,0x00000000eb2acff0,0x00000000eb300000)
  to   space 1536K, 0% used [0x00000000eb000000,0x00000000eb000000,0x00000000eb180000)
 ParOldGen       total 221696K, used 221380K [0x00000000c0000000, 0x00000000cd880000, 0x00000000eab00000)
  object space 221696K, 99% used [0x00000000c0000000,0x00000000cd831170,0x00000000cd880000)
 Metaspace       used 64703K, committed 65984K, reserved 1114112K
  class space    used 6527K, committed 7040K, reserved 1048576K
}
Event: 67.991 GC heap after
{Heap after GC invocations=121 (full 4):
 PSYoungGen      total 6656K, used 1160K [0x00000000eab00000, 0x00000000eb300000, 0x0000000100000000)
  eden space 5120K, 0% used [0x00000000eab00000,0x00000000eab00000,0x00000000eb000000)
  from space 1536K, 75% used [0x00000000eb000000,0x00000000eb122108,0x00000000eb180000)
  to   space 1536K, 0% used [0x00000000eb180000,0x00000000eb180000,0x00000000eb300000)
 ParOldGen       total 222720K, used 222431K [0x00000000c0000000, 0x00000000cd980000, 0x00000000eab00000)
  object space 222720K, 99% used [0x00000000c0000000,0x00000000cd937c68,0x00000000cd980000)
 Metaspace       used 64703K, committed 65984K, reserved 1114112K
  class space    used 6527K, committed 7040K, reserved 1048576K
}
Event: 68.074 GC heap before
{Heap before GC invocations=122 (full 4):
 PSYoungGen      total 6656K, used 6280K [0x00000000eab00000, 0x00000000eb300000, 0x0000000100000000)
  eden space 5120K, 100% used [0x00000000eab00000,0x00000000eb000000,0x00000000eb000000)
  from space 1536K, 75% used [0x00000000eb000000,0x00000000eb122108,0x00000000eb180000)
  to   space 1536K, 0% used [0x00000000eb180000,0x00000000eb180000,0x00000000eb300000)
 ParOldGen       total 222720K, used 222431K [0x00000000c0000000, 0x00000000cd980000, 0x00000000eab00000)
  object space 222720K, 99% used [0x00000000c0000000,0x00000000cd937c68,0x00000000cd980000)
 Metaspace       used 64711K, committed 65984K, reserved 1114112K
  class space    used 6527K, committed 7040K, reserved 1048576K
}
Event: 68.078 GC heap after
{Heap after GC invocations=122 (full 4):
 PSYoungGen      total 6656K, used 1295K [0x00000000eab00000, 0x00000000eb300000, 0x0000000100000000)
  eden space 5120K, 0% used [0x00000000eab00000,0x00000000eab00000,0x00000000eb000000)
  from space 1536K, 84% used [0x00000000eb180000,0x00000000eb2c3c30,0x00000000eb300000)
  to   space 1536K, 0% used [0x00000000eb000000,0x00000000eb000000,0x00000000eb180000)
 ParOldGen       total 223744K, used 223441K [0x00000000c0000000, 0x00000000cda80000, 0x00000000eab00000)
  object space 223744K, 99% used [0x00000000c0000000,0x00000000cda34458,0x00000000cda80000)
 Metaspace       used 64711K, committed 65984K, reserved 1114112K
  class space    used 6527K, committed 7040K, reserved 1048576K
}
Event: 68.356 GC heap before
{Heap before GC invocations=123 (full 4):
 PSYoungGen      total 6656K, used 6415K [0x00000000eab00000, 0x00000000eb300000, 0x0000000100000000)
  eden space 5120K, 100% used [0x00000000eab00000,0x00000000eb000000,0x00000000eb000000)
  from space 1536K, 84% used [0x00000000eb180000,0x00000000eb2c3c30,0x00000000eb300000)
  to   space 1536K, 0% used [0x00000000eb000000,0x00000000eb000000,0x00000000eb180000)
 ParOldGen       total 223744K, used 223441K [0x00000000c0000000, 0x00000000cda80000, 0x00000000eab00000)
  object space 223744K, 99% used [0x00000000c0000000,0x00000000cda34458,0x00000000cda80000)
 Metaspace       used 64756K, committed 65984K, reserved 1114112K
  class space    used 6528K, committed 7040K, reserved 1048576K
}
Event: 68.359 GC heap after
{Heap after GC invocations=123 (full 4):
 PSYoungGen      total 6144K, used 805K [0x00000000eab00000, 0x00000000eb200000, 0x0000000100000000)
  eden space 5120K, 0% used [0x00000000eab00000,0x00000000eab00000,0x00000000eb000000)
  from space 1024K, 78% used [0x00000000eb000000,0x00000000eb0c97f0,0x00000000eb100000)
  to   space 1024K, 0% used [0x00000000eb100000,0x00000000eb100000,0x00000000eb200000)
 ParOldGen       total 224768K, used 224547K [0x00000000c0000000, 0x00000000cdb80000, 0x00000000eab00000)
  object space 224768K, 99% used [0x00000000c0000000,0x00000000cdb48eb0,0x00000000cdb80000)
 Metaspace       used 64756K, committed 65984K, reserved 1114112K
  class space    used 6528K, committed 7040K, reserved 1048576K
}
Event: 68.562 GC heap before
{Heap before GC invocations=124 (full 4):
 PSYoungGen      total 6144K, used 5925K [0x00000000eab00000, 0x00000000eb200000, 0x0000000100000000)
  eden space 5120K, 99% used [0x00000000eab00000,0x00000000eaffffa8,0x00000000eb000000)
  from space 1024K, 78% used [0x00000000eb000000,0x00000000eb0c97f0,0x00000000eb100000)
  to   space 1024K, 0% used [0x00000000eb100000,0x00000000eb100000,0x00000000eb200000)
 ParOldGen       total 224768K, used 224547K [0x00000000c0000000, 0x00000000cdb80000, 0x00000000eab00000)
  object space 224768K, 99% used [0x00000000c0000000,0x00000000cdb48eb0,0x00000000cdb80000)
 Metaspace       used 64784K, committed 65984K, reserved 1114112K
  class space    used 6528K, committed 7040K, reserved 1048576K
}
Event: 68.565 GC heap after
{Heap after GC invocations=124 (full 4):
 PSYoungGen      total 6144K, used 849K [0x00000000eab00000, 0x00000000eb200000, 0x0000000100000000)
  eden space 5120K, 0% used [0x00000000eab00000,0x00000000eab00000,0x00000000eb000000)
  from space 1024K, 82% used [0x00000000eb100000,0x00000000eb1d4700,0x00000000eb200000)
  to   space 1024K, 0% used [0x00000000eb000000,0x00000000eb000000,0x00000000eb100000)
 ParOldGen       total 225280K, used 225196K [0x00000000c0000000, 0x00000000cdc00000, 0x00000000eab00000)
  object space 225280K, 99% used [0x00000000c0000000,0x00000000cdbeb350,0x00000000cdc00000)
 Metaspace       used 64784K, committed 65984K, reserved 1114112K
  class space    used 6528K, committed 7040K, reserved 1048576K
}
Event: 68.832 GC heap before
{Heap before GC invocations=125 (full 4):
 PSYoungGen      total 6144K, used 5942K [0x00000000eab00000, 0x00000000eb200000, 0x0000000100000000)
  eden space 5120K, 99% used [0x00000000eab00000,0x00000000eaff9278,0x00000000eb000000)
  from space 1024K, 82% used [0x00000000eb100000,0x00000000eb1d4700,0x00000000eb200000)
  to   space 1024K, 0% used [0x00000000eb000000,0x00000000eb000000,0x00000000eb100000)
 ParOldGen       total 225280K, used 225196K [0x00000000c0000000, 0x00000000cdc00000, 0x00000000eab00000)
  object space 225280K, 99% used [0x00000000c0000000,0x00000000cdbeb350,0x00000000cdc00000)
 Metaspace       used 64796K, committed 66048K, reserved 1114112K
  class space    used 6528K, committed 7040K, reserved 1048576K
}
Event: 68.838 GC heap after
{Heap after GC invocations=125 (full 4):
 PSYoungGen      total 6144K, used 999K [0x00000000eab00000, 0x00000000eb400000, 0x0000000100000000)
  eden space 5120K, 0% used [0x00000000eab00000,0x00000000eab00000,0x00000000eb000000)
  from space 1024K, 97% used [0x00000000eb000000,0x00000000eb0f9c48,0x00000000eb100000)
  to   space 2048K, 0% used [0x00000000eb200000,0x00000000eb200000,0x00000000eb400000)
 ParOldGen       total 226304K, used 225911K [0x00000000c0000000, 0x00000000cdd00000, 0x00000000eab00000)
  object space 226304K, 99% used [0x00000000c0000000,0x00000000cdc9dcc8,0x00000000cdd00000)
 Metaspace       used 64796K, committed 66048K, reserved 1114112K
  class space    used 6528K, committed 7040K, reserved 1048576K
}

