# JRE version: OpenJDK Runtime Environment Temurin-21.0.7+6 (21.0.7+6) (build 21.0.7+6-LTS)
# Java VM: OpenJDK 64-Bit Server VM Temurin-21.0.7+6 (21.0.7+6-LTS, mixed mode, sharing, tiered, compressed oops, compressed class ptrs, parallel gc, windows-amd64)
GC Precious Log:
 CardTable entry size: 512
 CPUs: 8 total, 8 available
 Memory: 7918M
 Large Page Support: Disabled
 NUMA Support: Disabled
 Compressed Oops: Enabled (32-bit)
 Alignments: Space 512K, Generation 512K, Heap 2M
 Heap Min Capacity: 100M
 Heap Initial Capacity: 100M
 Heap Max Capacity: 1G
 Pre-touch: Disabled
 Parallel Workers: 8
Heap:
 PSYoungGen      total 7168K, used 2046K [0x00000000eab00000, 0x00000000eb480000, 0x0000000100000000)
  eden space 5120K, 0% used [0x00000000eab00000,0x00000000eab1c570,0x00000000eb000000)
  from space 2048K, 99% used [0x00000000eb280000,0x00000000eb47c648,0x00000000eb480000)
  to   space 2048K, 0% used [0x00000000eb000000,0x00000000eb000000,0x00000000eb200000)
 ParOldGen       total 270848K, used 267280K [0x00000000c0000000, 0x00000000d0880000, 0x00000000eab00000)
  object space 270848K, 98% used [0x00000000c0000000,0x00000000d0504328,0x00000000d0880000)
 Metaspace       used 62535K, committed 64000K, reserved 1114112K
  class space    used 6314K, committed 6976K, reserved 1048576K
GC Heap History (20 events):
Event: 38.142 GC heap before
{Heap before GC invocations=406 (full 4):
 PSYoungGen      total 3584K, used 2803K [0x00000000eab00000, 0x00000000eaf80000, 0x0000000100000000)
  eden space 2048K, 100% used [0x00000000eab00000,0x00000000ead00000,0x00000000ead00000)
  from space 1536K, 49% used [0x00000000ead00000,0x00000000eadbcfe0,0x00000000eae80000)
  to   space 1024K, 0% used [0x00000000eae80000,0x00000000eae80000,0x00000000eaf80000)
 ParOldGen       total 263680K, used 263255K [0x00000000c0000000, 0x00000000d0180000, 0x00000000eab00000)
  object space 263680K, 99% used [0x00000000c0000000,0x00000000d0115d58,0x00000000d0180000)
 Metaspace       used 62535K, committed 64000K, reserved 1114112K
  class space    used 6314K, committed 6976K, reserved 1048576K
}
Event: 38.152 GC heap after
{Heap after GC invocations=406 (full 4):
 PSYoungGen      total 3584K, used 665K [0x00000000eab00000, 0x00000000eaf80000, 0x0000000100000000)
  eden space 2560K, 0% used [0x00000000eab00000,0x00000000eab00000,0x00000000ead80000)
  from space 1024K, 65% used [0x00000000eae80000,0x00000000eaf267b0,0x00000000eaf80000)
  to   space 1024K, 0% used [0x00000000ead80000,0x00000000ead80000,0x00000000eae80000)
 ParOldGen       total 264192K, used 263936K [0x00000000c0000000, 0x00000000d0200000, 0x00000000eab00000)
  object space 264192K, 99% used [0x00000000c0000000,0x00000000d01c0158,0x00000000d0200000)
 Metaspace       used 62535K, committed 64000K, reserved 1114112K
  class space    used 6314K, committed 6976K, reserved 1048576K
}
Event: 38.175 GC heap before
{Heap before GC invocations=407 (full 4):
 PSYoungGen      total 3584K, used 3225K [0x00000000eab00000, 0x00000000eaf80000, 0x0000000100000000)
  eden space 2560K, 100% used [0x00000000eab00000,0x00000000ead80000,0x00000000ead80000)
  from space 1024K, 65% used [0x00000000eae80000,0x00000000eaf267b0,0x00000000eaf80000)
  to   space 1024K, 0% used [0x00000000ead80000,0x00000000ead80000,0x00000000eae80000)
 ParOldGen       total 264192K, used 263936K [0x00000000c0000000, 0x00000000d0200000, 0x00000000eab00000)
  object space 264192K, 99% used [0x00000000c0000000,0x00000000d01c0158,0x00000000d0200000)
 Metaspace       used 62535K, committed 64000K, reserved 1114112K
  class space    used 6314K, committed 6976K, reserved 1048576K
}
Event: 38.177 GC heap after
{Heap after GC invocations=407 (full 4):
 PSYoungGen      total 3584K, used 686K [0x00000000eab00000, 0x00000000eb000000, 0x0000000100000000)
  eden space 2560K, 0% used [0x00000000eab00000,0x00000000eab00000,0x00000000ead80000)
  from space 1024K, 67% used [0x00000000ead80000,0x00000000eae2b870,0x00000000eae80000)
  to   space 1024K, 0% used [0x00000000eaf00000,0x00000000eaf00000,0x00000000eb000000)
 ParOldGen       total 264704K, used 264514K [0x00000000c0000000, 0x00000000d0280000, 0x00000000eab00000)
  object space 264704K, 99% used [0x00000000c0000000,0x00000000d0250b88,0x00000000d0280000)
 Metaspace       used 62535K, committed 64000K, reserved 1114112K
  class space    used 6314K, committed 6976K, reserved 1048576K
}
Event: 38.194 GC heap before
{Heap before GC invocations=408 (full 4):
 PSYoungGen      total 3584K, used 3246K [0x00000000eab00000, 0x00000000eb000000, 0x0000000100000000)
  eden space 2560K, 99% used [0x00000000eab00000,0x00000000ead7ffa8,0x00000000ead80000)
  from space 1024K, 67% used [0x00000000ead80000,0x00000000eae2b870,0x00000000eae80000)
  to   space 1024K, 0% used [0x00000000eaf00000,0x00000000eaf00000,0x00000000eb000000)
 ParOldGen       total 264704K, used 264514K [0x00000000c0000000, 0x00000000d0280000, 0x00000000eab00000)
  object space 264704K, 99% used [0x00000000c0000000,0x00000000d0250b88,0x00000000d0280000)
 Metaspace       used 62535K, committed 64000K, reserved 1114112K
  class space    used 6314K, committed 6976K, reserved 1048576K
}
Event: 38.206 GC heap after
{Heap after GC invocations=408 (full 4):
 PSYoungGen      total 4096K, used 746K [0x00000000eab00000, 0x00000000eb000000, 0x0000000100000000)
  eden space 3072K, 0% used [0x00000000eab00000,0x00000000eab00000,0x00000000eae00000)
  from space 1024K, 72% used [0x00000000eaf00000,0x00000000eafba8a8,0x00000000eb000000)
  to   space 1024K, 0% used [0x00000000eae00000,0x00000000eae00000,0x00000000eaf00000)
 ParOldGen       total 265216K, used 265100K [0x00000000c0000000, 0x00000000d0300000, 0x00000000eab00000)
  object space 265216K, 99% used [0x00000000c0000000,0x00000000d02e3200,0x00000000d0300000)
 Metaspace       used 62535K, committed 64000K, reserved 1114112K
  class space    used 6314K, committed 6976K, reserved 1048576K
}
Event: 38.220 GC heap before
{Heap before GC invocations=409 (full 4):
 PSYoungGen      total 4096K, used 3818K [0x00000000eab00000, 0x00000000eb000000, 0x0000000100000000)
  eden space 3072K, 100% used [0x00000000eab00000,0x00000000eae00000,0x00000000eae00000)
  from space 1024K, 72% used [0x00000000eaf00000,0x00000000eafba8a8,0x00000000eb000000)
  to   space 1024K, 0% used [0x00000000eae00000,0x00000000eae00000,0x00000000eaf00000)
 ParOldGen       total 265216K, used 265100K [0x00000000c0000000, 0x00000000d0300000, 0x00000000eab00000)
  object space 265216K, 99% used [0x00000000c0000000,0x00000000d02e3200,0x00000000d0300000)
 Metaspace       used 62535K, committed 64000K, reserved 1114112K
  class space    used 6314K, committed 6976K, reserved 1048576K
}
Event: 38.222 GC heap after
{Heap after GC invocations=409 (full 4):
 PSYoungGen      total 4096K, used 800K [0x00000000eab00000, 0x00000000eb100000, 0x0000000100000000)
  eden space 3072K, 0% used [0x00000000eab00000,0x00000000eab00000,0x00000000eae00000)
  from space 1024K, 78% used [0x00000000eae00000,0x00000000eaec8000,0x00000000eaf00000)
  to   space 1024K, 0% used [0x00000000eb000000,0x00000000eb000000,0x00000000eb100000)
 ParOldGen       total 265728K, used 265710K [0x00000000c0000000, 0x00000000d0380000, 0x00000000eab00000)
  object space 265728K, 99% used [0x00000000c0000000,0x00000000d037b9a8,0x00000000d0380000)
 Metaspace       used 62535K, committed 64000K, reserved 1114112K
  class space    used 6314K, committed 6976K, reserved 1048576K
}
Event: 38.237 GC heap before
{Heap before GC invocations=410 (full 4):
 PSYoungGen      total 4096K, used 3872K [0x00000000eab00000, 0x00000000eb100000, 0x0000000100000000)
  eden space 3072K, 100% used [0x00000000eab00000,0x00000000eae00000,0x00000000eae00000)
  from space 1024K, 78% used [0x00000000eae00000,0x00000000eaec8000,0x00000000eaf00000)
  to   space 1024K, 0% used [0x00000000eb000000,0x00000000eb000000,0x00000000eb100000)
 ParOldGen       total 265728K, used 265710K [0x00000000c0000000, 0x00000000d0380000, 0x00000000eab00000)
  object space 265728K, 99% used [0x00000000c0000000,0x00000000d037b9a8,0x00000000d0380000)
 Metaspace       used 62535K, committed 64000K, reserved 1114112K
  class space    used 6314K, committed 6976K, reserved 1048576K
}
Event: 38.241 GC heap after
{Heap after GC invocations=410 (full 4):
 PSYoungGen      total 5120K, used 864K [0x00000000eab00000, 0x00000000eb100000, 0x0000000100000000)
  eden space 4096K, 0% used [0x00000000eab00000,0x00000000eab00000,0x00000000eaf00000)
  from space 1024K, 84% used [0x00000000eb000000,0x00000000eb0d8000,0x00000000eb100000)
  to   space 1024K, 0% used [0x00000000eaf00000,0x00000000eaf00000,0x00000000eb000000)
 ParOldGen       total 266752K, used 266428K [0x00000000c0000000, 0x00000000d0480000, 0x00000000eab00000)
  object space 266752K, 99% used [0x00000000c0000000,0x00000000d042f360,0x00000000d0480000)
 Metaspace       used 62535K, committed 64000K, reserved 1114112K
  class space    used 6314K, committed 6976K, reserved 1048576K
}
Event: 38.265 GC heap before
{Heap before GC invocations=411 (full 4):
 PSYoungGen      total 5120K, used 4960K [0x00000000eab00000, 0x00000000eb100000, 0x0000000100000000)
  eden space 4096K, 100% used [0x00000000eab00000,0x00000000eaf00000,0x00000000eaf00000)
  from space 1024K, 84% used [0x00000000eb000000,0x00000000eb0d8000,0x00000000eb100000)
  to   space 1024K, 0% used [0x00000000eaf00000,0x00000000eaf00000,0x00000000eb000000)
 ParOldGen       total 266752K, used 266428K [0x00000000c0000000, 0x00000000d0480000, 0x00000000eab00000)
  object space 266752K, 99% used [0x00000000c0000000,0x00000000d042f360,0x00000000d0480000)
 Metaspace       used 62535K, committed 64000K, reserved 1114112K
  class space    used 6314K, committed 6976K, reserved 1048576K
}
Event: 38.268 GC heap after
{Heap after GC invocations=411 (full 4):
 PSYoungGen      total 5120K, used 1011K [0x00000000eab00000, 0x00000000eb400000, 0x0000000100000000)
  eden space 4096K, 0% used [0x00000000eab00000,0x00000000eab00000,0x00000000eaf00000)
  from space 1024K, 98% used [0x00000000eaf00000,0x00000000eaffcce0,0x00000000eb000000)
  to   space 2048K, 0% used [0x00000000eb200000,0x00000000eb200000,0x00000000eb400000)
 ParOldGen       total 267264K, used 267204K [0x00000000c0000000, 0x00000000d0500000, 0x00000000eab00000)
  object space 267264K, 99% used [0x00000000c0000000,0x00000000d04f12d0,0x00000000d0500000)
 Metaspace       used 62535K, committed 64000K, reserved 1114112K
  class space    used 6314K, committed 6976K, reserved 1048576K
}
Event: 38.286 GC heap before
{Heap before GC invocations=412 (full 4):
 PSYoungGen      total 5120K, used 5107K [0x00000000eab00000, 0x00000000eb400000, 0x0000000100000000)
  eden space 4096K, 100% used [0x00000000eab00000,0x00000000eaf00000,0x00000000eaf00000)
  from space 1024K, 98% used [0x00000000eaf00000,0x00000000eaffcce0,0x00000000eb000000)
  to   space 2048K, 0% used [0x00000000eb200000,0x00000000eb200000,0x00000000eb400000)
 ParOldGen       total 267264K, used 267204K [0x00000000c0000000, 0x00000000d0500000, 0x00000000eab00000)
  object space 267264K, 99% used [0x00000000c0000000,0x00000000d04f12d0,0x00000000d0500000)
 Metaspace       used 62535K, committed 64000K, reserved 1114112K
  class space    used 6314K, committed 6976K, reserved 1048576K
}
Event: 38.289 GC heap after
{Heap after GC invocations=412 (full 4):
 PSYoungGen      total 7168K, used 1445K [0x00000000eab00000, 0x00000000eb400000, 0x0000000100000000)
  eden space 5120K, 0% used [0x00000000eab00000,0x00000000eab00000,0x00000000eb000000)
  from space 2048K, 70% used [0x00000000eb200000,0x00000000eb369418,0x00000000eb400000)
  to   space 2048K, 0% used [0x00000000eb000000,0x00000000eb000000,0x00000000eb200000)
 ParOldGen       total 268288K, used 268174K [0x00000000c0000000, 0x00000000d0600000, 0x00000000eab00000)
  object space 268288K, 99% used [0x00000000c0000000,0x00000000d05e3880,0x00000000d0600000)
 Metaspace       used 62535K, committed 64000K, reserved 1114112K
  class space    used 6314K, committed 6976K, reserved 1048576K
}
Event: 38.304 GC heap before
{Heap before GC invocations=413 (full 4):
 PSYoungGen      total 7168K, used 6565K [0x00000000eab00000, 0x00000000eb400000, 0x0000000100000000)
  eden space 5120K, 100% used [0x00000000eab00000,0x00000000eb000000,0x00000000eb000000)
  from space 2048K, 70% used [0x00000000eb200000,0x00000000eb369418,0x00000000eb400000)
  to   space 2048K, 0% used [0x00000000eb000000,0x00000000eb000000,0x00000000eb200000)
 ParOldGen       total 268288K, used 268174K [0x00000000c0000000, 0x00000000d0600000, 0x00000000eab00000)
  object space 268288K, 99% used [0x00000000c0000000,0x00000000d05e3880,0x00000000d0600000)
 Metaspace       used 62535K, committed 64000K, reserved 1114112K
  class space    used 6314K, committed 6976K, reserved 1048576K
}
Event: 38.307 GC heap after
{Heap after GC invocations=413 (full 4):
 PSYoungGen      total 7168K, used 1762K [0x00000000eab00000, 0x00000000eb400000, 0x0000000100000000)
  eden space 5120K, 0% used [0x00000000eab00000,0x00000000eab00000,0x00000000eb000000)
  from space 2048K, 86% used [0x00000000eb000000,0x00000000eb1b8910,0x00000000eb200000)
  to   space 2048K, 0% used [0x00000000eb200000,0x00000000eb200000,0x00000000eb400000)
 ParOldGen       total 269824K, used 269344K [0x00000000c0000000, 0x00000000d0780000, 0x00000000eab00000)
  object space 269824K, 99% used [0x00000000c0000000,0x00000000d07080a8,0x00000000d0780000)
 Metaspace       used 62535K, committed 64000K, reserved 1114112K
  class space    used 6314K, committed 6976K, reserved 1048576K
}
Event: 38.320 GC heap before
{Heap before GC invocations=414 (full 4):
 PSYoungGen      total 7168K, used 6882K [0x00000000eab00000, 0x00000000eb400000, 0x0000000100000000)
  eden space 5120K, 100% used [0x00000000eab00000,0x00000000eb000000,0x00000000eb000000)
  from space 2048K, 86% used [0x00000000eb000000,0x00000000eb1b8910,0x00000000eb200000)
  to   space 2048K, 0% used [0x00000000eb200000,0x00000000eb200000,0x00000000eb400000)
 ParOldGen       total 269824K, used 269344K [0x00000000c0000000, 0x00000000d0780000, 0x00000000eab00000)
  object space 269824K, 99% used [0x00000000c0000000,0x00000000d07080a8,0x00000000d0780000)
 Metaspace       used 62535K, committed 64000K, reserved 1114112K
  class space    used 6314K, committed 6976K, reserved 1048576K
}
Event: 38.323 GC heap after
{Heap after GC invocations=414 (full 4):
 PSYoungGen      total 7168K, used 6882K [0x00000000eab00000, 0x00000000eb400000, 0x0000000100000000)
  eden space 5120K, 100% used [0x00000000eab00000,0x00000000eb000000,0x00000000eb000000)
  from space 2048K, 86% used [0x00000000eb000000,0x00000000eb1b8910,0x00000000eb200000)
  to   space 2048K, 74% used [0x00000000eb200000,0x00000000eb37c000,0x00000000eb400000)
 ParOldGen       total 270848K, used 270400K [0x00000000c0000000, 0x00000000d0880000, 0x00000000eab00000)
  object space 270848K, 99% used [0x00000000c0000000,0x00000000d0810000,0x00000000d0880000)
 Metaspace       used 62535K, committed 64000K, reserved 1114112K
  class space    used 6314K, committed 6976K, reserved 1048576K
}
Event: 38.323 GC heap before
{Heap before GC invocations=415 (full 5):
 PSYoungGen      total 7168K, used 6882K [0x00000000eab00000, 0x00000000eb400000, 0x0000000100000000)
  eden space 5120K, 100% used [0x00000000eab00000,0x00000000eb000000,0x00000000eb000000)
  from space 2048K, 86% used [0x00000000eb000000,0x00000000eb1b8910,0x00000000eb200000)
  to   space 2048K, 74% used [0x00000000eb200000,0x00000000eb37c000,0x00000000eb400000)
 ParOldGen       total 270848K, used 270400K [0x00000000c0000000, 0x00000000d0880000, 0x00000000eab00000)
  object space 270848K, 99% used [0x00000000c0000000,0x00000000d0810000,0x00000000d0880000)
 Metaspace       used 62535K, committed 64000K, reserved 1114112K
  class space    used 6314K, committed 6976K, reserved 1048576K
}
Event: 38.855 GC heap after
{Heap after GC invocations=415 (full 5):
 PSYoungGen      total 7168K, used 0K [0x00000000eab00000, 0x00000000eb480000, 0x0000000100000000)
  eden space 5120K, 0% used [0x00000000eab00000,0x00000000eab00000,0x00000000eb000000)
  from space 2048K, 0% used [0x00000000eb200000,0x00000000eb200000,0x00000000eb400000)
  to   space 2048K, 0% used [0x00000000eb000000,0x00000000eb000000,0x00000000eb200000)
 ParOldGen       total 270848K, used 266078K [0x00000000c0000000, 0x00000000d0880000, 0x00000000eab00000)
  object space 270848K, 98% used [0x00000000c0000000,0x00000000d03d7928,0x00000000d0880000)
 Metaspace       used 62535K, committed 64000K, reserved 1114112K
  class space    used 6314K, committed 6976K, reserved 1048576K
}

