# JRE version: OpenJDK Runtime Environment Microsoft-10800295 (17.0.14+7) (build 17.0.14+7-LTS)
# Java VM: OpenJDK 64-Bit Server VM Microsoft-10800295 (17.0.14+7-LTS, mixed mode, sharing, tiered, compressed oops, compressed class ptrs, g1 gc, windows-amd64)
GC Precious Log:
 CPUs: 8 total, 8 available
 Memory: 7918M
 Large Page Support: Disabled
 NUMA Support: Disabled
 Compressed Oops: Enabled (32-bit)
 Heap Region Size: 1M
 Heap Min Capacity: 8M
 Heap Initial Capacity: 124M
 Heap Max Capacity: 2G
 Pre-touch: Disabled
 Parallel Workers: 8
 Concurrent Workers: 2
 Concurrent Refinement Workers: 8
 Periodic GC: Disabled
Heap:
 garbage-first heap   total 103424K, used 47219K [0x0000000080000000, 0x0000000100000000)
  region size 1024K, 15 young (15360K), 4 survivors (4096K)
 Metaspace       used 45997K, committed 46592K, reserved 491520K
  class space    used 6444K, committed 6720K, reserved 425984K
GC Heap History (20 events):
Event: 5.695 GC heap before
{Heap before GC invocations=3 (full 0):
 garbage-first heap   total 126976K, used 86545K [0x0000000080000000, 0x0000000100000000)
  region size 1024K, 73 young (74752K), 4 survivors (4096K)
 Metaspace       used 16888K, committed 17216K, reserved 491520K
  class space    used 2379K, committed 2560K, reserved 425984K
}
Event: 5.706 GC heap after
{Heap after GC invocations=4 (full 0):
 garbage-first heap   total 126976K, used 21374K [0x0000000080000000, 0x0000000100000000)
  region size 1024K, 10 young (10240K), 10 survivors (10240K)
 Metaspace       used 16888K, committed 17216K, reserved 491520K
  class space    used 2379K, committed 2560K, reserved 425984K
}
Event: 6.778 GC heap before
{Heap before GC invocations=4 (full 0):
 garbage-first heap   total 126976K, used 61310K [0x0000000080000000, 0x0000000100000000)
  region size 1024K, 50 young (51200K), 10 survivors (10240K)
 Metaspace       used 21194K, committed 21504K, reserved 491520K
  class space    used 3092K, committed 3264K, reserved 425984K
}
Event: 6.788 GC heap after
{Heap after GC invocations=5 (full 0):
 garbage-first heap   total 126976K, used 24039K [0x0000000080000000, 0x0000000100000000)
  region size 1024K, 3 young (3072K), 3 survivors (3072K)
 Metaspace       used 21194K, committed 21504K, reserved 491520K
  class space    used 3092K, committed 3264K, reserved 425984K
}
Event: 8.046 GC heap before
{Heap before GC invocations=6 (full 0):
 garbage-first heap   total 86016K, used 72167K [0x0000000080000000, 0x0000000100000000)
  region size 1024K, 50 young (51200K), 3 survivors (3072K)
 Metaspace       used 27343K, committed 27712K, reserved 491520K
  class space    used 4057K, committed 4224K, reserved 425984K
}
Event: 8.053 GC heap after
{Heap after GC invocations=7 (full 0):
 garbage-first heap   total 86016K, used 26872K [0x0000000080000000, 0x0000000100000000)
  region size 1024K, 6 young (6144K), 6 survivors (6144K)
 Metaspace       used 27343K, committed 27712K, reserved 491520K
  class space    used 4057K, committed 4224K, reserved 425984K
}
Event: 8.077 GC heap before
{Heap before GC invocations=7 (full 0):
 garbage-first heap   total 86016K, used 27896K [0x0000000080000000, 0x0000000100000000)
  region size 1024K, 7 young (7168K), 6 survivors (6144K)
 Metaspace       used 27631K, committed 28032K, reserved 491520K
  class space    used 4059K, committed 4224K, reserved 425984K
}
Event: 8.083 GC heap after
{Heap after GC invocations=8 (full 0):
 garbage-first heap   total 86016K, used 27196K [0x0000000080000000, 0x0000000100000000)
  region size 1024K, 1 young (1024K), 1 survivors (1024K)
 Metaspace       used 27631K, committed 28032K, reserved 491520K
  class space    used 4059K, committed 4224K, reserved 425984K
}
Event: 8.843 GC heap before
{Heap before GC invocations=8 (full 0):
 garbage-first heap   total 86016K, used 63036K [0x0000000080000000, 0x0000000100000000)
  region size 1024K, 37 young (37888K), 1 survivors (1024K)
 Metaspace       used 32006K, committed 32384K, reserved 491520K
  class space    used 4498K, committed 4672K, reserved 425984K
}
Event: 8.847 GC heap after
{Heap after GC invocations=9 (full 0):
 garbage-first heap   total 86016K, used 30044K [0x0000000080000000, 0x0000000100000000)
  region size 1024K, 4 young (4096K), 4 survivors (4096K)
 Metaspace       used 32006K, committed 32384K, reserved 491520K
  class space    used 4498K, committed 4672K, reserved 425984K
}
Event: 9.496 GC heap before
{Heap before GC invocations=9 (full 0):
 garbage-first heap   total 86016K, used 61788K [0x0000000080000000, 0x0000000100000000)
  region size 1024K, 32 young (32768K), 4 survivors (4096K)
 Metaspace       used 35533K, committed 35968K, reserved 491520K
  class space    used 4908K, committed 5120K, reserved 425984K
}
Event: 9.504 GC heap after
{Heap after GC invocations=10 (full 0):
 garbage-first heap   total 86016K, used 32502K [0x0000000080000000, 0x0000000100000000)
  region size 1024K, 3 young (3072K), 3 survivors (3072K)
 Metaspace       used 35533K, committed 35968K, reserved 491520K
  class space    used 4908K, committed 5120K, reserved 425984K
}
Event: 10.274 GC heap before
{Heap before GC invocations=11 (full 0):
 garbage-first heap   total 86016K, used 66294K [0x0000000080000000, 0x0000000100000000)
  region size 1024K, 35 young (35840K), 3 survivors (3072K)
 Metaspace       used 39320K, committed 39872K, reserved 491520K
  class space    used 5396K, committed 5696K, reserved 425984K
}
Event: 10.279 GC heap after
{Heap after GC invocations=12 (full 0):
 garbage-first heap   total 86016K, used 33651K [0x0000000080000000, 0x0000000100000000)
  region size 1024K, 2 young (2048K), 2 survivors (2048K)
 Metaspace       used 39320K, committed 39872K, reserved 491520K
  class space    used 5396K, committed 5696K, reserved 425984K
}
Event: 10.289 GC heap before
{Heap before GC invocations=12 (full 0):
 garbage-first heap   total 86016K, used 35699K [0x0000000080000000, 0x0000000100000000)
  region size 1024K, 4 young (4096K), 2 survivors (2048K)
 Metaspace       used 39320K, committed 39872K, reserved 491520K
  class space    used 5396K, committed 5696K, reserved 425984K
}
Event: 10.294 GC heap after
{Heap after GC invocations=13 (full 0):
 garbage-first heap   total 86016K, used 33760K [0x0000000080000000, 0x0000000100000000)
  region size 1024K, 1 young (1024K), 1 survivors (1024K)
 Metaspace       used 39320K, committed 39872K, reserved 491520K
  class space    used 5396K, committed 5696K, reserved 425984K
}
Event: 10.664 GC heap before
{Heap before GC invocations=13 (full 0):
 garbage-first heap   total 86016K, used 66528K [0x0000000080000000, 0x0000000100000000)
  region size 1024K, 33 young (33792K), 1 survivors (1024K)
 Metaspace       used 40404K, committed 40960K, reserved 491520K
  class space    used 5571K, committed 5824K, reserved 425984K
}
Event: 10.666 GC heap after
{Heap after GC invocations=14 (full 0):
 garbage-first heap   total 103424K, used 34896K [0x0000000080000000, 0x0000000100000000)
  region size 1024K, 2 young (2048K), 2 survivors (2048K)
 Metaspace       used 40404K, committed 40960K, reserved 491520K
  class space    used 5571K, committed 5824K, reserved 425984K
}
Event: 11.672 GC heap before
{Heap before GC invocations=14 (full 0):
 garbage-first heap   total 103424K, used 82000K [0x0000000080000000, 0x0000000100000000)
  region size 1024K, 48 young (49152K), 2 survivors (2048K)
 Metaspace       used 44961K, committed 45568K, reserved 491520K
  class space    used 6305K, committed 6592K, reserved 425984K
}
Event: 11.676 GC heap after
{Heap after GC invocations=15 (full 0):
 garbage-first heap   total 103424K, used 36979K [0x0000000080000000, 0x0000000100000000)
  region size 1024K, 4 young (4096K), 4 survivors (4096K)
 Metaspace       used 44961K, committed 45568K, reserved 491520K
  class space    used 6305K, committed 6592K, reserved 425984K
}

