# JRE version: OpenJDK Runtime Environment Microsoft-10800295 (17.0.14+7) (build 17.0.14+7-LTS)
# Java VM: OpenJDK 64-Bit Server VM Microsoft-10800295 (17.0.14+7-LTS, mixed mode, sharing, tiered, compressed oops, compressed class ptrs, g1 gc, windows-amd64)
GC Precious Log:
 CPUs: 8 total, 8 available
 Memory: 7918M
 Large Page Support: Disabled
 NUMA Support: Disabled
 Compressed Oops: Enabled (32-bit)
 Heap Region Size: 1M
 Heap Min Capacity: 8M
 Heap Initial Capacity: 124M
 Heap Max Capacity: 1980M
 Pre-touch: Disabled
 Parallel Workers: 8
 Concurrent Workers: 2
 Concurrent Refinement Workers: 8
 Periodic GC: Disabled
Heap:
 garbage-first heap   total 305152K, used 231456K [0x0000000084400000, 0x0000000100000000)
  region size 1024K, 65 young (66560K), 7 survivors (7168K)
 Metaspace       used 81677K, committed 82048K, reserved 1179648K
  class space    used 8523K, committed 8704K, reserved 1048576K
GC Heap History (20 events):
Event: 22.136 GC heap before
{Heap before GC invocations=28 (full 0):
 garbage-first heap   total 152576K, used 119536K [0x0000000084400000, 0x0000000100000000)
  region size 1024K, 37 young (37888K), 1 survivors (1024K)
 Metaspace       used 58035K, committed 58368K, reserved 1114112K
  class space    used 6629K, committed 6784K, reserved 1048576K
}
Event: 22.152 GC heap after
{Heap after GC invocations=29 (full 0):
 garbage-first heap   total 152576K, used 88036K [0x0000000084400000, 0x0000000100000000)
  region size 1024K, 5 young (5120K), 5 survivors (5120K)
 Metaspace       used 58035K, committed 58368K, reserved 1114112K
  class space    used 6629K, committed 6784K, reserved 1048576K
}
Event: 23.872 GC heap before
{Heap before GC invocations=30 (full 0):
 garbage-first heap   total 152576K, used 121828K [0x0000000084400000, 0x0000000100000000)
  region size 1024K, 38 young (38912K), 5 survivors (5120K)
 Metaspace       used 58475K, committed 58816K, reserved 1114112K
  class space    used 6652K, committed 6784K, reserved 1048576K
}
Event: 23.889 GC heap after
{Heap after GC invocations=31 (full 0):
 garbage-first heap   total 152576K, used 90187K [0x0000000084400000, 0x0000000100000000)
  region size 1024K, 2 young (2048K), 2 survivors (2048K)
 Metaspace       used 58475K, committed 58816K, reserved 1114112K
  class space    used 6652K, committed 6784K, reserved 1048576K
}
Event: 24.094 GC heap before
{Heap before GC invocations=31 (full 0):
 garbage-first heap   total 152576K, used 95307K [0x0000000084400000, 0x0000000100000000)
  region size 1024K, 7 young (7168K), 2 survivors (2048K)
 Metaspace       used 58509K, committed 58816K, reserved 1114112K
  class space    used 6653K, committed 6784K, reserved 1048576K
}
Event: 24.103 GC heap after
{Heap after GC invocations=32 (full 0):
 garbage-first heap   total 152576K, used 90547K [0x0000000084400000, 0x0000000100000000)
  region size 1024K, 1 young (1024K), 1 survivors (1024K)
 Metaspace       used 58509K, committed 58816K, reserved 1114112K
  class space    used 6653K, committed 6784K, reserved 1048576K
}
Event: 25.166 GC heap before
{Heap before GC invocations=32 (full 0):
 garbage-first heap   total 152576K, used 123315K [0x0000000084400000, 0x0000000100000000)
  region size 1024K, 33 young (33792K), 1 survivors (1024K)
 Metaspace       used 60138K, committed 60416K, reserved 1114112K
  class space    used 6803K, committed 6912K, reserved 1048576K
}
Event: 25.178 GC heap after
{Heap after GC invocations=33 (full 0):
 garbage-first heap   total 305152K, used 92594K [0x0000000084400000, 0x0000000100000000)
  region size 1024K, 3 young (3072K), 3 survivors (3072K)
 Metaspace       used 60138K, committed 60416K, reserved 1114112K
  class space    used 6803K, committed 6912K, reserved 1048576K
}
Event: 30.577 GC heap before
{Heap before GC invocations=33 (full 0):
 garbage-first heap   total 305152K, used 231858K [0x0000000084400000, 0x0000000100000000)
  region size 1024K, 139 young (142336K), 3 survivors (3072K)
 Metaspace       used 63301K, committed 63616K, reserved 1114112K
  class space    used 6984K, committed 7104K, reserved 1048576K
}
Event: 30.611 GC heap after
{Heap after GC invocations=34 (full 0):
 garbage-first heap   total 305152K, used 111539K [0x0000000084400000, 0x0000000100000000)
  region size 1024K, 18 young (18432K), 18 survivors (18432K)
 Metaspace       used 63301K, committed 63616K, reserved 1114112K
  class space    used 6984K, committed 7104K, reserved 1048576K
}
Event: 34.366 GC heap before
{Heap before GC invocations=34 (full 0):
 garbage-first heap   total 305152K, used 213939K [0x0000000084400000, 0x0000000100000000)
  region size 1024K, 119 young (121856K), 18 survivors (18432K)
 Metaspace       used 69816K, committed 70080K, reserved 1114112K
  class space    used 7558K, committed 7680K, reserved 1048576K
}
Event: 34.398 GC heap after
{Heap after GC invocations=35 (full 0):
 garbage-first heap   total 305152K, used 128169K [0x0000000084400000, 0x0000000100000000)
  region size 1024K, 15 young (15360K), 15 survivors (15360K)
 Metaspace       used 69816K, committed 70080K, reserved 1114112K
  class space    used 7558K, committed 7680K, reserved 1048576K
}
Event: 35.670 GC heap before
{Heap before GC invocations=35 (full 0):
 garbage-first heap   total 305152K, used 220329K [0x0000000084400000, 0x0000000100000000)
  region size 1024K, 105 young (107520K), 15 survivors (15360K)
 Metaspace       used 70630K, committed 70912K, reserved 1114112K
  class space    used 7601K, committed 7744K, reserved 1048576K
}
Event: 35.705 GC heap after
{Heap after GC invocations=36 (full 0):
 garbage-first heap   total 305152K, used 150934K [0x0000000084400000, 0x0000000100000000)
  region size 1024K, 14 young (14336K), 14 survivors (14336K)
 Metaspace       used 70630K, committed 70912K, reserved 1114112K
  class space    used 7601K, committed 7744K, reserved 1048576K
}
Event: 36.800 GC heap before
{Heap before GC invocations=36 (full 0):
 garbage-first heap   total 305152K, used 229782K [0x0000000084400000, 0x0000000100000000)
  region size 1024K, 90 young (92160K), 14 survivors (14336K)
 Metaspace       used 72632K, committed 72960K, reserved 1179648K
  class space    used 7706K, committed 7872K, reserved 1048576K
}
Event: 36.824 GC heap after
{Heap after GC invocations=37 (full 0):
 garbage-first heap   total 305152K, used 165860K [0x0000000084400000, 0x0000000100000000)
  region size 1024K, 12 young (12288K), 12 survivors (12288K)
 Metaspace       used 72632K, committed 72960K, reserved 1179648K
  class space    used 7706K, committed 7872K, reserved 1048576K
}
Event: 38.935 GC heap before
{Heap before GC invocations=37 (full 0):
 garbage-first heap   total 305152K, used 237540K [0x0000000084400000, 0x0000000100000000)
  region size 1024K, 82 young (83968K), 12 survivors (12288K)
 Metaspace       used 77485K, committed 77760K, reserved 1179648K
  class space    used 8174K, committed 8320K, reserved 1048576K
}
Event: 38.954 GC heap after
{Heap after GC invocations=38 (full 0):
 garbage-first heap   total 305152K, used 171110K [0x0000000084400000, 0x0000000100000000)
  region size 1024K, 5 young (5120K), 5 survivors (5120K)
 Metaspace       used 77485K, committed 77760K, reserved 1179648K
  class space    used 8174K, committed 8320K, reserved 1048576K
}
Event: 40.834 GC heap before
{Heap before GC invocations=38 (full 0):
 garbage-first heap   total 305152K, used 242790K [0x0000000084400000, 0x0000000100000000)
  region size 1024K, 75 young (76800K), 5 survivors (5120K)
 Metaspace       used 81021K, committed 81408K, reserved 1179648K
  class space    used 8469K, committed 8640K, reserved 1048576K
}
Event: 40.846 GC heap after
{Heap after GC invocations=39 (full 0):
 garbage-first heap   total 305152K, used 173088K [0x0000000084400000, 0x0000000100000000)
  region size 1024K, 7 young (7168K), 7 survivors (7168K)
 Metaspace       used 81021K, committed 81408K, reserved 1179648K
  class space    used 8469K, committed 8640K, reserved 1048576K
}

