# JRE version: OpenJDK Runtime Environment Microsoft-10800295 (17.0.14+7) (build 17.0.14+7-LTS)
# Java VM: OpenJDK 64-Bit Server VM Microsoft-10800295 (17.0.14+7-LTS, mixed mode, sharing, tiered, compressed oops, compressed class ptrs, g1 gc, windows-amd64)
GC Precious Log:
 CPUs: 8 total, 8 available
 Memory: 7918M
 Large Page Support: Disabled
 NUMA Support: Disabled
 Compressed Oops: Enabled (32-bit)
 Heap Region Size: 1M
 Heap Min Capacity: 8M
 Heap Initial Capacity: 124M
 Heap Max Capacity: 1980M
 Pre-touch: Disabled
 Parallel Workers: 8
 Concurrent Workers: 2
 Concurrent Refinement Workers: 8
 Periodic GC: Disabled
Heap:
 garbage-first heap   total 135168K, used 48856K [0x0000000084400000, 0x0000000100000000)
  region size 1024K, 2 young (2048K), 2 survivors (2048K)
 Metaspace       used 47799K, committed 48064K, reserved 1114112K
  class space    used 5782K, committed 5888K, reserved 1048576K
GC Heap History (20 events):
Event: 2.224 GC heap after
{Heap after GC invocations=2 (full 0):
 garbage-first heap   total 126976K, used 7955K [0x0000000084400000, 0x0000000100000000)
  region size 1024K, 2 young (2048K), 2 survivors (2048K)
 Metaspace       used 15780K, committed 16000K, reserved 1114112K
  class space    used 1780K, committed 1856K, reserved 1048576K
}
Event: 3.962 GC heap before
{Heap before GC invocations=2 (full 0):
 garbage-first heap   total 126976K, used 37651K [0x0000000084400000, 0x0000000100000000)
  region size 1024K, 32 young (32768K), 2 survivors (2048K)
 Metaspace       used 21325K, committed 21504K, reserved 1114112K
  class space    used 2477K, committed 2560K, reserved 1048576K
}
Event: 3.980 GC heap after
{Heap after GC invocations=3 (full 0):
 garbage-first heap   total 126976K, used 13721K [0x0000000084400000, 0x0000000100000000)
  region size 1024K, 8 young (8192K), 8 survivors (8192K)
 Metaspace       used 21325K, committed 21504K, reserved 1114112K
  class space    used 2477K, committed 2560K, reserved 1048576K
}
Event: 5.308 GC heap before
{Heap before GC invocations=4 (full 0):
 garbage-first heap   total 51200K, used 49561K [0x0000000084400000, 0x0000000100000000)
  region size 1024K, 44 young (45056K), 8 survivors (8192K)
 Metaspace       used 30062K, committed 30336K, reserved 1114112K
  class space    used 3813K, committed 3968K, reserved 1048576K
}
Event: 5.330 GC heap after
{Heap after GC invocations=5 (full 0):
 garbage-first heap   total 62464K, used 16690K [0x0000000084400000, 0x0000000100000000)
  region size 1024K, 3 young (3072K), 3 survivors (3072K)
 Metaspace       used 30062K, committed 30336K, reserved 1114112K
  class space    used 3813K, committed 3968K, reserved 1048576K
}
Event: 6.718 GC heap before
{Heap before GC invocations=5 (full 0):
 garbage-first heap   total 62464K, used 44338K [0x0000000084400000, 0x0000000100000000)
  region size 1024K, 30 young (30720K), 3 survivors (3072K)
 Metaspace       used 33676K, committed 33920K, reserved 1114112K
  class space    used 4129K, committed 4288K, reserved 1048576K
}
Event: 6.742 GC heap after
{Heap after GC invocations=6 (full 0):
 garbage-first heap   total 62464K, used 22432K [0x0000000084400000, 0x0000000100000000)
  region size 1024K, 4 young (4096K), 4 survivors (4096K)
 Metaspace       used 33676K, committed 33920K, reserved 1114112K
  class space    used 4129K, committed 4288K, reserved 1048576K
}
Event: 7.265 GC heap before
{Heap before GC invocations=6 (full 0):
 garbage-first heap   total 62464K, used 35744K [0x0000000084400000, 0x0000000100000000)
  region size 1024K, 19 young (19456K), 4 survivors (4096K)
 Metaspace       used 35833K, committed 36096K, reserved 1114112K
  class space    used 4316K, committed 4416K, reserved 1048576K
}
Event: 7.286 GC heap after
{Heap after GC invocations=7 (full 0):
 garbage-first heap   total 75776K, used 24480K [0x0000000084400000, 0x0000000100000000)
  region size 1024K, 2 young (2048K), 2 survivors (2048K)
 Metaspace       used 35833K, committed 36096K, reserved 1114112K
  class space    used 4316K, committed 4416K, reserved 1048576K
}
Event: 8.204 GC heap before
{Heap before GC invocations=8 (full 0):
 garbage-first heap   total 75776K, used 54176K [0x0000000084400000, 0x0000000100000000)
  region size 1024K, 30 young (30720K), 2 survivors (2048K)
 Metaspace       used 38887K, committed 39168K, reserved 1114112K
  class space    used 4699K, committed 4864K, reserved 1048576K
}
Event: 8.226 GC heap after
{Heap after GC invocations=9 (full 0):
 garbage-first heap   total 75776K, used 30624K [0x0000000084400000, 0x0000000100000000)
  region size 1024K, 4 young (4096K), 4 survivors (4096K)
 Metaspace       used 38887K, committed 39168K, reserved 1114112K
  class space    used 4699K, committed 4864K, reserved 1048576K
}
Event: 8.233 GC heap before
{Heap before GC invocations=9 (full 0):
 garbage-first heap   total 75776K, used 31648K [0x0000000084400000, 0x0000000100000000)
  region size 1024K, 5 young (5120K), 4 survivors (4096K)
 Metaspace       used 38888K, committed 39168K, reserved 1114112K
  class space    used 4699K, committed 4864K, reserved 1048576K
}
Event: 8.246 GC heap after
{Heap after GC invocations=10 (full 0):
 garbage-first heap   total 75776K, used 31214K [0x0000000084400000, 0x0000000100000000)
  region size 1024K, 1 young (1024K), 1 survivors (1024K)
 Metaspace       used 38888K, committed 39168K, reserved 1114112K
  class space    used 4699K, committed 4864K, reserved 1048576K
}
Event: 8.739 GC heap before
{Heap before GC invocations=10 (full 0):
 garbage-first heap   total 75776K, used 54766K [0x0000000084400000, 0x0000000100000000)
  region size 1024K, 24 young (24576K), 1 survivors (1024K)
 Metaspace       used 40109K, committed 40320K, reserved 1114112K
  class space    used 4816K, committed 4928K, reserved 1048576K
}
Event: 8.754 GC heap after
{Heap after GC invocations=11 (full 0):
 garbage-first heap   total 75776K, used 38620K [0x0000000084400000, 0x0000000100000000)
  region size 1024K, 3 young (3072K), 3 survivors (3072K)
 Metaspace       used 40109K, committed 40320K, reserved 1114112K
  class space    used 4816K, committed 4928K, reserved 1048576K
}
Event: 9.621 GC heap before
{Heap before GC invocations=11 (full 0):
 garbage-first heap   total 75776K, used 56028K [0x0000000084400000, 0x0000000100000000)
  region size 1024K, 20 young (20480K), 3 survivors (3072K)
 Metaspace       used 45311K, committed 45568K, reserved 1114112K
  class space    used 5539K, committed 5632K, reserved 1048576K
}
Event: 9.633 GC heap after
{Heap after GC invocations=12 (full 0):
 garbage-first heap   total 75776K, used 40390K [0x0000000084400000, 0x0000000100000000)
  region size 1024K, 2 young (2048K), 2 survivors (2048K)
 Metaspace       used 45311K, committed 45568K, reserved 1114112K
  class space    used 5539K, committed 5632K, reserved 1048576K
}
Event: 10.439 GC heap before
{Heap before GC invocations=13 (full 0):
 garbage-first heap   total 75776K, used 56774K [0x0000000084400000, 0x0000000100000000)
  region size 1024K, 18 young (18432K), 2 survivors (2048K)
 Metaspace       used 46973K, committed 47168K, reserved 1114112K
  class space    used 5723K, committed 5824K, reserved 1048576K
}
Event: 10.457 GC heap after
{Heap after GC invocations=14 (full 0):
 garbage-first heap   total 75776K, used 44960K [0x0000000084400000, 0x0000000100000000)
  region size 1024K, 3 young (3072K), 3 survivors (3072K)
 Metaspace       used 46973K, committed 47168K, reserved 1114112K
  class space    used 5723K, committed 5824K, reserved 1048576K
}
Event: 11.045 GC heap before
{Heap before GC invocations=14 (full 0):
 garbage-first heap   total 75776K, used 58272K [0x0000000084400000, 0x0000000100000000)
  region size 1024K, 16 young (16384K), 3 survivors (3072K)
 Metaspace       used 47799K, committed 48064K, reserved 1114112K
  class space    used 5782K, committed 5888K, reserved 1048576K
}

