# JRE version: OpenJDK Runtime Environment Microsoft-10800295 (17.0.14+7) (build 17.0.14+7-LTS)
# Java VM: OpenJDK 64-Bit Server VM Microsoft-10800295 (17.0.14+7-LTS, mixed mode, sharing, tiered, compressed oops, compressed class ptrs, g1 gc, windows-amd64)
GC Precious Log:
 CPUs: 8 total, 8 available
 Memory: 7918M
 Large Page Support: Disabled
 NUMA Support: Disabled
 Compressed Oops: Enabled (32-bit)
 Heap Region Size: 1M
 Heap Min Capacity: 8M
 Heap Initial Capacity: 124M
 Heap Max Capacity: 1980M
 Pre-touch: Disabled
 Parallel Workers: 8
 Concurrent Workers: 2
 Concurrent Refinement Workers: 8
 Periodic GC: Disabled
Heap:
 garbage-first heap   total 135168K, used 78557K [0x0000000084400000, 0x0000000100000000)
  region size 1024K, 2 young (2048K), 2 survivors (2048K)
 Metaspace       used 69201K, committed 69568K, reserved 1114112K
  class space    used 7835K, committed 8000K, reserved 1048576K
GC Heap History (20 events):
Event: 10.545 GC heap after
{Heap after GC invocations=11 (full 0):
 garbage-first heap   total 105472K, used 40348K [0x0000000084400000, 0x0000000100000000)
  region size 1024K, 5 young (5120K), 5 survivors (5120K)
 Metaspace       used 50082K, committed 50304K, reserved 1114112K
  class space    used 6173K, committed 6272K, reserved 1048576K
}
Event: 12.295 GC heap before
{Heap before GC invocations=11 (full 0):
 garbage-first heap   total 105472K, used 59804K [0x0000000084400000, 0x0000000100000000)
  region size 1024K, 25 young (25600K), 5 survivors (5120K)
 Metaspace       used 52221K, committed 52480K, reserved 1114112K
  class space    used 6402K, committed 6528K, reserved 1048576K
}
Event: 12.322 GC heap after
{Heap after GC invocations=12 (full 0):
 garbage-first heap   total 105472K, used 44864K [0x0000000084400000, 0x0000000100000000)
  region size 1024K, 4 young (4096K), 4 survivors (4096K)
 Metaspace       used 52221K, committed 52480K, reserved 1114112K
  class space    used 6402K, committed 6528K, reserved 1048576K
}
Event: 13.880 GC heap before
{Heap before GC invocations=13 (full 0):
 garbage-first heap   total 105472K, used 75584K [0x0000000084400000, 0x0000000100000000)
  region size 1024K, 34 young (34816K), 4 survivors (4096K)
 Metaspace       used 53866K, committed 54144K, reserved 1114112K
  class space    used 6551K, committed 6656K, reserved 1048576K
}
Event: 13.909 GC heap after
{Heap after GC invocations=14 (full 0):
 garbage-first heap   total 105472K, used 50588K [0x0000000084400000, 0x0000000100000000)
  region size 1024K, 5 young (5120K), 5 survivors (5120K)
 Metaspace       used 53866K, committed 54144K, reserved 1114112K
  class space    used 6551K, committed 6656K, reserved 1048576K
}
Event: 15.470 GC heap before
{Heap before GC invocations=14 (full 0):
 garbage-first heap   total 105472K, used 78236K [0x0000000084400000, 0x0000000100000000)
  region size 1024K, 32 young (32768K), 5 survivors (5120K)
 Metaspace       used 56862K, committed 57216K, reserved 1114112K
  class space    used 6817K, committed 6976K, reserved 1048576K
}
Event: 15.500 GC heap after
{Heap after GC invocations=15 (full 0):
 garbage-first heap   total 105472K, used 54979K [0x0000000084400000, 0x0000000100000000)
  region size 1024K, 4 young (4096K), 4 survivors (4096K)
 Metaspace       used 56862K, committed 57216K, reserved 1114112K
  class space    used 6817K, committed 6976K, reserved 1048576K
}
Event: 16.530 GC heap before
{Heap before GC invocations=15 (full 0):
 garbage-first heap   total 105472K, used 80579K [0x0000000084400000, 0x0000000100000000)
  region size 1024K, 29 young (29696K), 4 survivors (4096K)
 Metaspace       used 57893K, committed 58176K, reserved 1114112K
  class space    used 6870K, committed 6976K, reserved 1048576K
}
Event: 16.559 GC heap after
{Heap after GC invocations=16 (full 0):
 garbage-first heap   total 129024K, used 59779K [0x0000000084400000, 0x0000000100000000)
  region size 1024K, 4 young (4096K), 4 survivors (4096K)
 Metaspace       used 57893K, committed 58176K, reserved 1114112K
  class space    used 6870K, committed 6976K, reserved 1048576K
}
Event: 17.560 GC heap before
{Heap before GC invocations=17 (full 0):
 garbage-first heap   total 129024K, used 94595K [0x0000000084400000, 0x0000000100000000)
  region size 1024K, 39 young (39936K), 4 survivors (4096K)
 Metaspace       used 59244K, committed 59520K, reserved 1114112K
  class space    used 6978K, committed 7104K, reserved 1048576K
}
Event: 17.585 GC heap after
{Heap after GC invocations=18 (full 0):
 garbage-first heap   total 129024K, used 65436K [0x0000000084400000, 0x0000000100000000)
  region size 1024K, 5 young (5120K), 5 survivors (5120K)
 Metaspace       used 59244K, committed 59520K, reserved 1114112K
  class space    used 6978K, committed 7104K, reserved 1048576K
}
Event: 17.608 GC heap before
{Heap before GC invocations=18 (full 0):
 garbage-first heap   total 129024K, used 66460K [0x0000000084400000, 0x0000000100000000)
  region size 1024K, 6 young (6144K), 5 survivors (5120K)
 Metaspace       used 59400K, committed 59648K, reserved 1114112K
  class space    used 6995K, committed 7104K, reserved 1048576K
}
Event: 17.625 GC heap after
{Heap after GC invocations=19 (full 0):
 garbage-first heap   total 129024K, used 66408K [0x0000000084400000, 0x0000000100000000)
  region size 1024K, 1 young (1024K), 1 survivors (1024K)
 Metaspace       used 59400K, committed 59648K, reserved 1114112K
  class space    used 6995K, committed 7104K, reserved 1048576K
}
Event: 18.940 GC heap before
{Heap before GC invocations=19 (full 0):
 garbage-first heap   total 129024K, used 98152K [0x0000000084400000, 0x0000000100000000)
  region size 1024K, 32 young (32768K), 1 survivors (1024K)
 Metaspace       used 64735K, committed 65088K, reserved 1114112K
  class space    used 7474K, committed 7616K, reserved 1048576K
}
Event: 18.953 GC heap after
{Heap after GC invocations=20 (full 0):
 garbage-first heap   total 129024K, used 70556K [0x0000000084400000, 0x0000000100000000)
  region size 1024K, 4 young (4096K), 4 survivors (4096K)
 Metaspace       used 64735K, committed 65088K, reserved 1114112K
  class space    used 7474K, committed 7616K, reserved 1048576K
}
Event: 19.558 GC heap before
{Heap before GC invocations=21 (full 0):
 garbage-first heap   total 132096K, used 100252K [0x0000000084400000, 0x0000000100000000)
  region size 1024K, 33 young (33792K), 4 survivors (4096K)
 Metaspace       used 65271K, committed 65600K, reserved 1114112K
  class space    used 7490K, committed 7616K, reserved 1048576K
}
Event: 19.584 GC heap after
{Heap after GC invocations=22 (full 0):
 garbage-first heap   total 132096K, used 76687K [0x0000000084400000, 0x0000000100000000)
  region size 1024K, 5 young (5120K), 5 survivors (5120K)
 Metaspace       used 65271K, committed 65600K, reserved 1114112K
  class space    used 7490K, committed 7616K, reserved 1048576K
}
Event: 19.600 GC heap before
{Heap before GC invocations=22 (full 0):
 garbage-first heap   total 132096K, used 77711K [0x0000000084400000, 0x0000000100000000)
  region size 1024K, 6 young (6144K), 5 survivors (5120K)
 Metaspace       used 65275K, committed 65600K, reserved 1114112K
  class space    used 7490K, committed 7616K, reserved 1048576K
}
Event: 19.614 GC heap after
{Heap after GC invocations=23 (full 0):
 garbage-first heap   total 132096K, used 77457K [0x0000000084400000, 0x0000000100000000)
  region size 1024K, 1 young (1024K), 1 survivors (1024K)
 Metaspace       used 65275K, committed 65600K, reserved 1114112K
  class space    used 7490K, committed 7616K, reserved 1048576K
}
Event: 20.308 GC heap before
{Heap before GC invocations=23 (full 0):
 garbage-first heap   total 132096K, used 104081K [0x0000000084400000, 0x0000000100000000)
  region size 1024K, 27 young (27648K), 1 survivors (1024K)
 Metaspace       used 69201K, committed 69568K, reserved 1114112K
  class space    used 7835K, committed 8000K, reserved 1048576K
}

