# JRE version: OpenJDK Runtime Environment Microsoft-10800295 (17.0.14+7) (build 17.0.14+7-LTS)
# Java VM: OpenJDK 64-Bit Server VM Microsoft-10800295 (17.0.14+7-LTS, mixed mode, sharing, tiered, compressed oops, compressed class ptrs, g1 gc, windows-amd64)
GC Precious Log:
 CPUs: 8 total, 8 available
 Memory: 7918M
 Large Page Support: Disabled
 NUMA Support: Disabled
 Compressed Oops: Enabled (32-bit)
 Heap Region Size: 1M
 Heap Min Capacity: 8M
 Heap Initial Capacity: 124M
 Heap Max Capacity: 2G
 Pre-touch: Disabled
 Parallel Workers: 8
 Concurrent Workers: 2
 Concurrent Refinement Workers: 8
 Periodic GC: Disabled
Heap:
 garbage-first heap   total 411648K, used 298414K [0x0000000080000000, 0x0000000100000000)
  region size 1024K, 20 young (20480K), 2 survivors (2048K)
 Metaspace       used 121880K, committed 123584K, reserved 557056K
  class space    used 16940K, committed 17728K, reserved 425984K
GC Heap History (20 events):
Event: 334.626 GC heap before
{Heap before GC invocations=88 (full 0):
 garbage-first heap   total 265216K, used 245659K [0x0000000080000000, 0x0000000100000000)
  region size 1024K, 12 young (12288K), 2 survivors (2048K)
 Metaspace       used 115000K, committed 116480K, reserved 557056K
  class space    used 15983K, committed 16704K, reserved 425984K
}
Event: 334.645 GC heap after
{Heap after GC invocations=89 (full 0):
 garbage-first heap   total 265216K, used 237463K [0x0000000080000000, 0x0000000100000000)
  region size 1024K, 2 young (2048K), 2 survivors (2048K)
 Metaspace       used 115000K, committed 116480K, reserved 557056K
  class space    used 15983K, committed 16704K, reserved 425984K
}
Event: 337.682 GC heap before
{Heap before GC invocations=90 (full 0):
 garbage-first heap   total 411648K, used 254871K [0x0000000080000000, 0x0000000100000000)
  region size 1024K, 20 young (20480K), 2 survivors (2048K)
 Metaspace       used 115042K, committed 116480K, reserved 557056K
  class space    used 15988K, committed 16704K, reserved 425984K
}
Event: 337.701 GC heap after
{Heap after GC invocations=91 (full 0):
 garbage-first heap   total 411648K, used 240914K [0x0000000080000000, 0x0000000100000000)
  region size 1024K, 3 young (3072K), 3 survivors (3072K)
 Metaspace       used 115042K, committed 116480K, reserved 557056K
  class space    used 15988K, committed 16704K, reserved 425984K
}
Event: 338.176 GC heap before
{Heap before GC invocations=91 (full 0):
 garbage-first heap   total 411648K, used 257298K [0x0000000080000000, 0x0000000100000000)
  region size 1024K, 20 young (20480K), 3 survivors (3072K)
 Metaspace       used 115042K, committed 116480K, reserved 557056K
  class space    used 15988K, committed 16704K, reserved 425984K
}
Event: 338.196 GC heap after
{Heap after GC invocations=92 (full 0):
 garbage-first heap   total 411648K, used 237245K [0x0000000080000000, 0x0000000100000000)
  region size 1024K, 3 young (3072K), 3 survivors (3072K)
 Metaspace       used 115042K, committed 116480K, reserved 557056K
  class space    used 15988K, committed 16704K, reserved 425984K
}
Event: 347.961 GC heap before
{Heap before GC invocations=92 (full 0):
 garbage-first heap   total 411648K, used 326333K [0x0000000080000000, 0x0000000100000000)
  region size 1024K, 91 young (93184K), 3 survivors (3072K)
 Metaspace       used 115044K, committed 116480K, reserved 557056K
  class space    used 15988K, committed 16704K, reserved 425984K
}
Event: 347.995 GC heap after
{Heap after GC invocations=93 (full 0):
 garbage-first heap   total 411648K, used 238597K [0x0000000080000000, 0x0000000100000000)
  region size 1024K, 5 young (5120K), 5 survivors (5120K)
 Metaspace       used 115044K, committed 116480K, reserved 557056K
  class space    used 15988K, committed 16704K, reserved 425984K
}
Event: 365.110 GC heap before
{Heap before GC invocations=93 (full 0):
 garbage-first heap   total 411648K, used 336901K [0x0000000080000000, 0x0000000100000000)
  region size 1024K, 99 young (101376K), 5 survivors (5120K)
 Metaspace       used 115326K, committed 116928K, reserved 557056K
  class space    used 16019K, committed 16768K, reserved 425984K
}
Event: 365.138 GC heap after
{Heap after GC invocations=94 (full 0):
 garbage-first heap   total 411648K, used 249255K [0x0000000080000000, 0x0000000100000000)
  region size 1024K, 13 young (13312K), 13 survivors (13312K)
 Metaspace       used 115326K, committed 116928K, reserved 557056K
  class space    used 16019K, committed 16768K, reserved 425984K
}
Event: 379.557 GC heap before
{Heap before GC invocations=94 (full 0):
 garbage-first heap   total 411648K, used 336295K [0x0000000080000000, 0x0000000100000000)
  region size 1024K, 98 young (100352K), 13 survivors (13312K)
 Metaspace       used 115635K, committed 117184K, reserved 557056K
  class space    used 16055K, committed 16768K, reserved 425984K
}
Event: 379.699 GC heap after
{Heap after GC invocations=95 (full 0):
 garbage-first heap   total 411648K, used 255039K [0x0000000080000000, 0x0000000100000000)
  region size 1024K, 9 young (9216K), 9 survivors (9216K)
 Metaspace       used 115635K, committed 117184K, reserved 557056K
  class space    used 16055K, committed 16768K, reserved 425984K
}
Event: 389.017 GC heap before
{Heap before GC invocations=95 (full 0):
 garbage-first heap   total 411648K, used 339007K [0x0000000080000000, 0x0000000100000000)
  region size 1024K, 90 young (92160K), 9 survivors (9216K)
 Metaspace       used 115758K, committed 117376K, reserved 557056K
  class space    used 16075K, committed 16832K, reserved 425984K
}
Event: 389.077 GC heap after
{Heap after GC invocations=96 (full 0):
 garbage-first heap   total 411648K, used 260776K [0x0000000080000000, 0x0000000100000000)
  region size 1024K, 6 young (6144K), 6 survivors (6144K)
 Metaspace       used 115758K, committed 117376K, reserved 557056K
  class space    used 16075K, committed 16832K, reserved 425984K
}
Event: 401.197 GC heap before
{Heap before GC invocations=96 (full 0):
 garbage-first heap   total 411648K, used 341672K [0x0000000080000000, 0x0000000100000000)
  region size 1024K, 86 young (88064K), 6 survivors (6144K)
 Metaspace       used 120325K, committed 121920K, reserved 557056K
  class space    used 16727K, committed 17472K, reserved 425984K
}
Event: 401.241 GC heap after
{Heap after GC invocations=97 (full 0):
 garbage-first heap   total 411648K, used 269449K [0x0000000080000000, 0x0000000100000000)
  region size 1024K, 11 young (11264K), 11 survivors (11264K)
 Metaspace       used 120325K, committed 121920K, reserved 557056K
  class space    used 16727K, committed 17472K, reserved 425984K
}
Event: 844.937 GC heap before
{Heap before GC invocations=97 (full 0):
 garbage-first heap   total 411648K, used 344201K [0x0000000080000000, 0x0000000100000000)
  region size 1024K, 84 young (86016K), 11 survivors (11264K)
 Metaspace       used 121832K, committed 123584K, reserved 557056K
  class space    used 16939K, committed 17728K, reserved 425984K
}
Event: 846.006 GC heap after
{Heap after GC invocations=98 (full 0):
 garbage-first heap   total 411648K, used 279639K [0x0000000080000000, 0x0000000100000000)
  region size 1024K, 10 young (10240K), 10 survivors (10240K)
 Metaspace       used 121832K, committed 123584K, reserved 557056K
  class space    used 16939K, committed 17728K, reserved 425984K
}
Event: 847.417 GC heap before
{Heap before GC invocations=98 (full 0):
 garbage-first heap   total 411648K, used 289879K [0x0000000080000000, 0x0000000100000000)
  region size 1024K, 20 young (20480K), 10 survivors (10240K)
 Metaspace       used 121832K, committed 123584K, reserved 557056K
  class space    used 16939K, committed 17728K, reserved 425984K
}
Event: 847.486 GC heap after
{Heap after GC invocations=99 (full 0):
 garbage-first heap   total 411648K, used 281006K [0x0000000080000000, 0x0000000100000000)
  region size 1024K, 2 young (2048K), 2 survivors (2048K)
 Metaspace       used 121832K, committed 123584K, reserved 557056K
  class space    used 16939K, committed 17728K, reserved 425984K
}

